app/build/intermediates/manifest_merge_blame_file/release/manifest-merger-blame-release-report.txt
1<?xml version="1.0" encoding="utf-8"?>
2<manifest xmlns:android="http://schemas.android.com/apk/res/android"
3    package="com.ms.starwars"
4    android:versionCode="1"
5    android:versionName="1.0" >
6
7    <uses-sdk
8        android:minSdkVersion="21"
8-->src\main\AndroidManifest.xml
9        android:targetSdkVersion="29" />
9-->src\main\AndroidManifest.xml
10
11    <uses-permission android:name="android.permission.INTERNET" />
11-->src\main\AndroidManifest.xml:6:5-67
11-->src\main\AndroidManifest.xml:6:22-64
12    <uses-permission android:name="android.permission.ACCESS_NETWORK_STATE" />
12-->src\main\AndroidManifest.xml:7:5-79
12-->src\main\AndroidManifest.xml:7:22-76
13    <uses-permission android:name="android.permission.WRITE_EXTERNAL_STORAGE" />
14    <uses-permission android:name="android.permission.READ_PHONE_STATE" />
15    <uses-permission android:name="android.permission.READ_EXTERNAL_STORAGE" />
16
17    <application
17-->src\main\AndroidManifest.xml:9:5-31:19
18        android:name="com.ms.starwars.BaseApplication"
18-->src\main\AndroidManifest.xml:10:9-40
19        android:allowBackup="true"
19-->src\main\AndroidManifest.xml:11:9-35
20        android:appComponentFactory="androidx.core.app.CoreComponentFactory"
20-->[androidx.core:core:1.3.2] AndroidManifest.xml:24:18-86
21        android:icon="@drawable/ic_launcher"
21-->src\main\AndroidManifest.xml:12:9-45
22        android:label="@string/app_name"
22-->src\main\AndroidManifest.xml:13:9-41
23        android:roundIcon="@drawable/ic_launcher"
23-->src\main\AndroidManifest.xml:14:9-50
24        android:theme="@style/Theme.StarWars" >
24-->src\main\AndroidManifest.xml:15:9-46
25        <activity android:name="com.ms.starwars.ui.details.DetailsActivity" />
25-->src\main\AndroidManifest.xml:17:9-63
25-->src\main\AndroidManifest.xml:17:19-61
26        <activity
26-->src\main\AndroidManifest.xml:18:9-26:20
27            android:name="com.ms.starwars.ui.home.HomeActivity"
27-->src\main\AndroidManifest.xml:19:13-49
28            android:windowSoftInputMode="adjustPan|stateHidden" >
28-->src\main\AndroidManifest.xml:20:13-64
29            <intent-filter>
29-->src\main\AndroidManifest.xml:21:13-25:29
30                <action android:name="android.intent.action.MAIN" />
30-->src\main\AndroidManifest.xml:22:17-69
30-->src\main\AndroidManifest.xml:22:25-66
31
32                <category android:name="android.intent.category.LAUNCHER" />
32-->src\main\AndroidManifest.xml:24:17-77
32-->src\main\AndroidManifest.xml:24:27-74
33            </intent-filter>
34        </activity>
35
36        <meta-data
36-->src\main\AndroidManifest.xml:28:9-30:57
37            android:name="preloaded_fonts"
37-->src\main\AndroidManifest.xml:29:13-43
38            android:resource="@array/preloaded_fonts" />
38-->src\main\AndroidManifest.xml:30:13-54
39
40        <activity android:name="com.mikepenz.aboutlibraries.ui.LibsActivity" />
40-->[com.mikepenz:aboutlibraries:8.0.0-rc01] AndroidManifest.xml:12:9-80
40-->[com.mikepenz:aboutlibraries:8.0.0-rc01] AndroidManifest.xml:12:19-77
41
42        <provider
42-->[androidx.lifecycle:lifecycle-process:2.1.0] AndroidManifest.xml:23:9-27:43
43            android:name="androidx.lifecycle.ProcessLifecycleOwnerInitializer"
43-->[androidx.lifecycle:lifecycle-process:2.1.0] AndroidManifest.xml:24:13-79
44            android:authorities="com.ms.starwars.lifecycle-process"
44-->[androidx.lifecycle:lifecycle-process:2.1.0] AndroidManifest.xml:25:13-69
45            android:exported="false"
45-->[androidx.lifecycle:lifecycle-process:2.1.0] AndroidManifest.xml:26:13-37
46            android:multiprocess="true" />
46-->[androidx.lifecycle:lifecycle-process:2.1.0] AndroidManifest.xml:27:13-40
47    </application>
48
49</manifest>